#
# A fatal error has been detected by the Java Runtime Environment:
#
#  Internal Error (javaClasses.cpp:129), pid=4912, tid=4588
#  fatal error: Invalid layout of preloaded class
#
# JRE version: 7.0_17-b02
# Java VM: Java HotSpot(TM) Client VM (23.7-b01 mixed mode windows-x86 )
# Core dump written. Default location: D:\station_android\Energy\hs_err_pid4912.mdmp
#
# If you would like to submit a bug report, please visit:
#   http://bugreport.sun.com/bugreport/crash.jsp
#

---------------  T H R E A D  ---------------

Current thread (0x01b9b400):  JavaThread "Unknown thread" [_thread_in_vm, id=4588, stack(0x015b0000,0x01600000)]

Stack: [0x015b0000,0x01600000],  sp=0x015ff594,  free space=317k
Native frames: (J=compiled Java code, j=interpreted, Vv=VM code, C=native code)
V  [jvm.dll+0x16f261]
V  [jvm.dll+0x1693d6]
V  [jvm.dll+0x2079f]
V  [jvm.dll+0x20826]
V  [jvm.dll+0x2e5bd]
V  [jvm.dll+0x2e869]
V  [jvm.dll+0x77ba1]
V  [jvm.dll+0x77f5b]
V  [jvm.dll+0x1290e1]
V  [jvm.dll+0x149b3a]
V  [jvm.dll+0xa98df]
C  [javaw.exe+0x13ca]
C  [javaw.exe+0x1e3c]
C  [javaw.exe+0xa5a1]
C  [javaw.exe+0xa62b]
C  [kernel32.dll+0x4d0e9]  BaseThreadInitThunk+0x12
C  [ntdll.dll+0x419bb]  RtlInitializeExceptionChain+0x63
C  [ntdll.dll+0x4198e]  RtlInitializeExceptionChain+0x36


---------------  P R O C E S S  ---------------

Java Threads: ( => current thread )

Other Threads:

=>0x01b9b400 (exited) JavaThread "Unknown thread" [_thread_in_vm, id=4588, stack(0x015b0000,0x01600000)]

VM state:not at safepoint (not fully initialized)

VM Mutex/Monitor currently owned by a thread: None

GC Heap History (0 events):
No events

Deoptimization events (0 events):
No events

Internal exceptions (0 events):
No events

Events (10 events):
Event: 0.009 loading class 0x01a46768 done
Event: 0.009 loading class 0x01b9f9b0 done
Event: 0.009 loading class 0x01b9f988
Event: 0.009 loading class 0x01abadd0
Event: 0.009 loading class 0x01abadd0 done
Event: 0.009 loading class 0x01abae08
Event: 0.009 loading class 0x01abae08 done
Event: 0.009 loading class 0x01ab0bb8
Event: 0.009 loading class 0x01ab0bb8 done
Event: 0.010 loading class 0x01b9f988 done


Dynamic libraries:
0x00920000 - 0x0094f000 	D:\Program Files\Java\jre7\bin\javaw.exe
0x770d0000 - 0x771f7000 	C:\Windows\system32\ntdll.dll
0x76720000 - 0x767fc000 	C:\Windows\system32\kernel32.dll
0x77000000 - 0x770c6000 	C:\Windows\system32\ADVAPI32.dll
0x76be0000 - 0x76ca3000 	C:\Windows\system32\RPCRT4.dll
0x77290000 - 0x7732d000 	C:\Windows\system32\USER32.dll
0x76a10000 - 0x76a5b000 	C:\Windows\system32\GDI32.dll
0x748b0000 - 0x74a4e000 	C:\Windows\WinSxS\x86_microsoft.windows.common-controls_6595b64144ccf1df_6.0.6002.18005_none_5cb72f96088b0de0\COMCTL32.dll
0x76e80000 - 0x76f2a000 	C:\Windows\system32\msvcrt.dll
0x75b20000 - 0x75b79000 	C:\Windows\system32\SHLWAPI.dll
0x76a60000 - 0x76a7e000 	C:\Windows\system32\IMM32.DLL
0x76db0000 - 0x76e78000 	C:\Windows\system32\MSCTF.dll
0x77210000 - 0x77219000 	C:\Windows\system32\LPK.DLL
0x76cb0000 - 0x76d2d000 	C:\Windows\system32\USP10.dll
0x6c110000 - 0x6c1ce000 	D:\Program Files\Java\jre7\bin\msvcr100.dll
0x67060000 - 0x673ac000 	D:\Program Files\Java\jre7\bin\client\jvm.dll
0x727a0000 - 0x727a7000 	C:\Windows\system32\WSOCK32.dll
0x76bb0000 - 0x76bdd000 	C:\Windows\system32\WS2_32.dll
0x77220000 - 0x77226000 	C:\Windows\system32\NSI.dll
0x74670000 - 0x746a2000 	C:\Windows\system32\WINMM.dll
0x76800000 - 0x76945000 	C:\Windows\system32\ole32.dll
0x75b80000 - 0x75c0d000 	C:\Windows\system32\OLEAUT32.dll
0x74630000 - 0x74669000 	C:\Windows\system32\OLEACC.dll
0x77200000 - 0x77207000 	C:\Windows\system32\PSAPI.DLL
0x73fd0000 - 0x73fdc000 	D:\Program Files\Java\jre7\bin\verify.dll
0x73f90000 - 0x73fb0000 	D:\Program Files\Java\jre7\bin\java.dll
0x73f70000 - 0x73f83000 	D:\Program Files\Java\jre7\bin\zip.dll
0x72f00000 - 0x72fdc000 	C:\Windows\system32\DBGHELP.DLL

VM Arguments:
jvm_args: -Dfile.encoding=UTF-8 -Xbootclasspath:D:\Program Files\adt-eclipse\sdk\platforms\android-17\android.jar 
java_command: com.energy.test.Test
Launcher Type: SUN_STANDARD

Environment Variables:
JAVA_HOME=D:\Program Files\Java\jdk1.6.0_18
JRE_HOME=D:\Program Files\Java\jdk1.6.0_18\jre
PATH=D:/Program Files/Java/jre7/bin/client;D:/Program Files/Java/jre7/bin;D:/Program Files/Java/jre7/lib/i386;F:\app\Administrator\product\11.1.0\db_1\bin;C:\Program Files\NVIDIA Corporation\PhysX\Common;C:\Windows\system32;C:\Windows;C:\Windows\System32\Wbem;D:\Program Files\TortoiseGit\bin;D:\Program Files\VisualSVN Server\bin;D:\Program Files\Java\jdk1.6.0_18\bin;d:\Users\Administrator\AppData\Local\Kingsoft\WPS Office\8.1.0.3526\office6;D:\Program Files\adt-eclipse\eclipse;
USERNAME=Administrator
OS=Windows_NT
PROCESSOR_IDENTIFIER=x86 Family 6 Model 23 Stepping 10, GenuineIntel



---------------  S Y S T E M  ---------------

OS: Windows Server 2008 Build 6002 Service Pack 2

CPU:total 2 (2 cores per cpu, 1 threads per core) family 6 model 23 stepping 10, cmov, cx8, fxsr, mmx, sse, sse2, sse3, ssse3, sse4.1, tsc

Memory: 4k page, physical 2095368k(164384k free), swap 4453932k(1240620k free)

vm_info: Java HotSpot(TM) Client VM (23.7-b01) for windows-x86 JRE (1.7.0_17-b02), built on Mar  1 2013 05:04:36 by "java_re" with unknown MS VC++:1600

time: Mon Aug 05 15:51:57 2013
elapsed time: 5 seconds

